[OK] health: {'status': 'healthy', 'service': 'prometheus-ultra', 'engine_health': 'healthy', 'detail': 'engine o
[OK] recall: 0
[OK] learn(arxiv+T4): compiled
[OK] evolve: ok
[OK] maintain: ok
[OK] t4_compile: compiled
[OK] metrics: 采集完成
✅ **Ultra 系统监控报告** — 2026-07-19 01:57:17

**健康检查**: ⚠️ 异常
**状态**: 节点:1022 | 机制:25 | 启用:7 | 效用:0.7025 | 宿主:hermes

**七管道实跑结果**:
| 管道 | 状态 | 耗时 | 说明 |
|------|------|------|------|
| 健康探针 | ✅ OK | 0.01s | 通过 |
| 记忆检索 recall | ✅ OK | 0.01s | hits=0 |
| 知识吸收 learn (arXiv+T4) | ✅ OK | 1.4s | compiled=False |
| 自进化 evolve | ✅ OK | 0.18s | 通过 |
| 记忆维护 maintain | ✅ OK | 0.13s | consolidated=18 |
| T4 机制编译 | ✅ OK | 19.03s | 通过 |
| 指标采集 | ✅ OK | 26.49s | 通过 |

**记忆知识库**:
- 节点总数: 1022　全局效用: 0.7025
- 类型分布: {'FACT': 254, 'CONCEPT': 693, 'PROCEDURE': 61, 'PAPER': 12, 'PROJECT': 2}

**机制引擎**:
- 总数: 25　启用: 7　禁用: 13　注册: 6
- 待剪枝候选: 0

**自进化引擎**:
- 代数: 10　种群: 50　收敛: True（max_generations）
- 上次链路: SUCCESS　真实适应度 0.8710122284129708 → 0.8710122284129708（0.17s）
- 进化基因维度: 1 项

**适应度分解 (10维)**:
- 总适应度: 0.8702　旧7维: memory=0.3 diversity=0.08 evolution=0.0 health=0.15 harness=0.15 utility=0.0702 energy=0.0167
- 【新三维】多类型覆盖: 0.1　机制消费率: 0.0033　反刍产出率: 0.0

**反刍机制 (温故知新)**:
- 上次全量: 0h41m前　上次增量: 0h42m前
- 历史次数: 4　下次模式: incremental
- 距下次全量: 318m　距下次增量: 0m

**学习到的论文 (store PAPER 节点, 共 12 篇)**:
  - DOME: Recommendations for supervised machine learning valida (utility=0.98)
  - Machine learning with sklearn: <p>This chapter’s goal is to  (utility=0.98)
  - Particle production from bubble collisions: Collisions of ul (utility=0.82)
  - Hierarchical Denoising For Multi-Step Visual Reasoning: Vide (utility=0.82)
  - Partition, Prompt, Aggregate: Statistical Self-Consistency i (utility=0.82)
  - Partition, Prompt, Aggregate: Statistical Self-Consistency i (utility=0.82)
  - RoboTTT: Context Scaling for Robot Policies: Recent robot fo (utility=0.82)
  - Changing Data Sources in the Age of Machine Learning for Off (utility=0.79)

**宿主集成**: ✅ hermes（适配器 HermesAdapter）

**论文知识库（共 6 篇）**:
- 评级分布: {'PARTIAL': 3, 'MATCH': 3}
  - [PARTIAL] Rethink Causal Mask Attention for VL（2505.18605，V2.4 P1-a）
  - [PARTIAL] Modality-Mutual Attention (HeRA)（2606.23885，V2.4 P1-c）
  - [MATCH] Learning to Focus (Grad Token Pruning)（2506.07851，V2.3 P0-a）
  - [PARTIAL] Overlapped-Frame Fusion (Speech)（2501.12004，V2.4b P1-d）
  - [MATCH] Mind the Gap (Thought Leap)（2505.14684，V2.3 P0-b）

**⚠️ 深度检测（发现 2 项）**:
- [机制审计:孤岛机制(静默未消费)] 共 23 个机制注册/定义但从未被消费 | 证据:registry:semantic_evo_g1, registry:semantic_evo_g2, registry:test_compiled_mech, registry:test_extracted_mech, registry:t4_pending_explore, registry:p_mech, registry:c1_mech, 
- [机制审计:反刍静默] 增量反刍距上次已 42m (应≤30min) | 证据:last_incremental=1784394942.6714213
  → 其中 2 项为机制级静默失效(非通道崩溃, 长期运行才暴露的虚假繁荣)

**总结**: ⚠️ Ultra 系统检测到异常 | 发现 2 项问题待处理
[feishu] sent ok msg_id=om_x100b6a8fa7b964a8c3b1d4a0728c71c
